501
   3.00000	   3.00000
   3.01306	   3.01520
   3.02625	   3.03022
   3.03959	   3.04508
   3.05308	   3.05976
   3.06670	   3.07427
   3.08047	   3.08861
   3.09438	   3.10278
   3.10844	   3.11678
   3.12263	   3.13060
   3.13697	   3.14426
   3.15145	   3.15774
   3.16608	   3.17106
   3.18084	   3.18420
   3.19575	   3.19717
   3.21080	   3.20997
   3.22600	   3.22259
   3.24133	   3.23505
   3.25681	   3.24733
   3.27244	   3.25945
   3.28820	   3.27139
   3.30411	   3.28316
   3.32016	   3.29476
   3.33635	   3.30619
   3.35268	   3.31744
   3.36916	   3.32853
   3.38578	   3.33944
   3.40254	   3.35019
   3.41943	   3.36076
   3.43645	   3.37116
   3.45361	   3.38138
   3.47088	   3.39144
   3.48828	   3.40132
   3.50579	   3.41102
   3.52341	   3.42056
   3.54115	   3.42992
   3.55898	   3.43910
   3.57692	   3.44811
   3.59496	   3.45695
   3.61309	   3.46561
   3.63131	   3.47410
   3.64961	   3.48241
   3.66800	   3.49055
   3.68647	   3.49851
   3.70501	   3.50629
   3.72362	   3.51390
   3.74230	   3.52133
   3.76105	   3.52858
   3.77985	   3.53565
   3.79871	   3.54255
   3.81762	   3.54927
   3.83658	   3.55581
   3.85559	   3.56218
   3.87464	   3.56836
   3.89373	   3.57437
   3.91286	   3.58021
   3.93202	   3.58587
   3.95123	   3.59136
   3.97046	   3.59668
   3.98972	   3.60182
   4.00901	   3.60680
   4.02833	   3.61160
   4.04767	   3.61624
   4.06702	   3.62070
   4.08640	   3.62500
   4.10579	   3.62913
   4.12520	   3.63310
   4.14461	   3.63690
   4.16404	   3.64053
   4.18347	   3.64400
   4.20290	   3.64731
   4.22234	   3.65046
   4.24177	   3.65345
   4.26121	   3.65628
   4.28063	   3.65894
   4.30005	   3.66145
   4.31946	   3.66380
   4.33886	   3.66599
   4.35826	   3.66803
   4.37765	   3.66990
   4.39704	   3.67162
   4.41644	   3.67319
   4.43584	   3.67459
   4.45525	   3.67584
   4.47467	   3.67693
   4.49410	   3.67786
   4.51355	   3.67864
   4.53302	   3.67925
   4.55251	   3.67972
   4.57202	   3.68002
   4.59156	   3.68017
   4.61112	   3.68016
   4.63072	   3.67999
   4.65035	   3.67967
   4.67002	   3.67919
   4.68972	   3.67856
   4.70947	   3.67777
   4.72926	   3.67682
   4.74910	   3.67572
   4.76899	   3.67446
   4.78893	   3.67304
   4.80892	   3.67147
   4.82896	   3.66974
   4.84905	   3.66786
   4.86917	   3.66583
   4.88932	   3.66365
   4.90950	   3.66131
   4.92970	   3.65884
   4.94991	   3.65621
   4.97012	   3.65344
   4.99034	   3.65052
   5.01055	   3.64746
   5.03076	   3.64426
   5.05094	   3.64092
   5.07111	   3.63745
   5.09125	   3.63383
   5.11135	   3.63008
   5.13141	   3.62620
   5.15143	   3.62218
   5.17139	   3.61803
   5.19130	   3.61374
   5.21115	   3.60933
   5.23092	   3.60480
   5.25062	   3.60013
   5.27024	   3.59534
   5.28977	   3.59043
   5.30921	   3.58539
   5.32856	   3.58024
   5.34782	   3.57496
   5.36701	   3.56957
   5.38611	   3.56406
   5.40514	   3.55843
   5.42410	   3.55269
   5.44299	   3.54684
   5.46181	   3.54088
   5.48058	   3.53481
   5.49929	   3.52863
   5.51794	   3.52234
   5.53655	   3.51595
   5.55511	   3.50946
   5.57363	   3.50286
   5.59211	   3.49616
   5.61055	   3.48937
   5.62896	   3.48248
   5.64735	   3.47549
   5.66571	   3.46840
   5.68405	   3.46123
   5.70237	   3.45396
   5.72068	   3.44660
   5.73899	   3.43915
   5.75728	   3.43162
   5.77557	   3.42400
   5.79386	   3.41629
   5.81213	   3.40850
   5.83039	   3.40062
   5.84863	   3.39266
   5.86684	   3.38460
   5.88503	   3.37647
   5.90319	   3.36824
   5.92132	   3.35993
   5.93940	   3.35153
   5.95744	   3.34304
   5.97543	   3.33447
   5.99337	   3.32580
   6.01126	   3.31705
   6.02908	   3.30822
   6.04684	   3.29929
   6.06453	   3.29027
   6.08215	   3.28117
   6.09969	   3.27198
   6.11716	   3.26270
   6.13453	   3.25333
   6.15182	   3.24387
   6.16902	   3.23432
   6.18611	   3.22469
   6.20311	   3.21496
   6.22000	   3.20515
   6.23681	   3.19526
   6.25355	   3.18531
   6.27024	   3.17531
   6.28690	   3.16528
   6.30354	   3.15523
   6.32019	   3.14517
   6.33686	   3.13513
   6.35358	   3.12511
   6.37035	   3.11513
   6.38721	   3.10520
   6.40416	   3.09533
   6.42123	   3.08555
   6.43843	   3.07586
   6.45578	   3.06628
   6.47331	   3.05683
   6.49102	   3.04751
   6.50894	   3.03834
   6.52709	   3.02934
   6.54549	   3.02052
   6.56415	   3.01189
   6.58309	   3.00347
   6.60233	   2.99528
   6.62188	   2.98732
   6.64178	   2.97961
   6.66202	   2.97217
   6.68255	   2.96504
   6.70332	   2.95824
   6.72426	   2.95183
   6.74532	   2.94583
   6.76643	   2.94028
   6.78753	   2.93523
   6.80856	   2.93071
   6.82947	   2.92675
   6.85019	   2.92341
   6.87066	   2.92070
   6.89082	   2.91868
   6.91061	   2.91738
   6.92998	   2.91683
   6.94885	   2.91708
   6.96717	   2.91817
   6.98488	   2.92012
   7.00192	   2.92298
   7.01822	   2.92679
   7.03373	   2.93159
   7.04840	   2.93741
   7.06214	   2.94428
   7.07492	   2.95226
   7.08666	   2.96137
   7.09730	   2.97166
   7.10681	   2.98314
   7.11519	   2.99577
   7.12249	   3.00947
   7.12874	   3.02419
   7.13397	   3.03986
   7.13822	   3.05640
   7.14153	   3.07376
   7.14392	   3.09186
   7.14544	   3.11065
   7.14611	   3.13005
   7.14598	   3.14999
   7.14507	   3.17042
   7.14342	   3.19127
   7.14107	   3.21246
   7.13805	   3.23393
   7.13440	   3.25562
   7.13014	   3.27746
   7.12533	   3.29939
   7.11998	   3.32133
   7.11413	   3.34321
   7.10783	   3.36499
   7.10110	   3.38658
   7.09398	   3.40792
   7.08650	   3.42895
   7.07870	   3.44959
   7.07061	   3.46980
   7.06223	   3.48957
   7.05358	   3.50893
   7.04465	   3.52788
   7.03545	   3.54644
   7.02599	   3.56463
   7.01627	   3.58245
   7.00628	   3.59992
   6.99605	   3.61706
   6.98557	   3.63388
   6.97484	   3.65040
   6.96388	   3.66663
   6.95268	   3.68258
   6.94124	   3.69827
   6.92959	   3.71371
   6.91771	   3.72892
   6.90561	   3.74392
   6.89330	   3.75870
   6.88078	   3.77330
   6.86805	   3.78773
   6.85512	   3.80199
   6.84200	   3.81611
   6.82869	   3.83009
   6.81519	   3.84396
   6.80150	   3.85772
   6.78764	   3.87139
   6.77360	   3.88497
   6.75938	   3.89845
   6.74500	   3.91183
   6.73045	   3.92510
   6.71573	   3.93826
   6.70086	   3.95130
   6.68582	   3.96422
   6.67063	   3.97702
   6.65529	   3.98969
   6.63980	   4.00222
   6.62416	   4.01462
   6.60838	   4.02687
   6.59246	   4.03898
   6.57640	   4.05093
   6.56020	   4.06273
   6.54388	   4.07436
   6.52742	   4.08583
   6.51084	   4.09713
   6.49413	   4.10826
   6.47731	   4.11921
   6.46037	   4.12997
   6.44331	   4.14054
   6.42615	   4.15093
   6.40887	   4.16111
   6.39149	   4.17109
   6.37401	   4.18088
   6.35642	   4.19046
   6.33874	   4.19985
   6.32097	   4.20903
   6.30310	   4.21802
   6.28515	   4.22682
   6.26711	   4.23542
   6.24898	   4.24382
   6.23078	   4.25203
   6.21250	   4.26006
   6.19414	   4.26788
   6.17572	   4.27552
   6.15722	   4.28298
   6.13866	   4.29024
   6.12003	   4.29731
   6.10134	   4.30420
   6.08260	   4.31091
   6.06380	   4.31743
   6.04494	   4.32376
   6.02604	   4.32992
   6.00709	   4.33589
   5.98810	   4.34168
   5.96906	   4.34730
   5.94999	   4.35273
   5.93088	   4.35799
   5.91174	   4.36307
   5.89256	   4.36797
   5.87334	   4.37270
   5.85410	   4.37725
   5.83482	   4.38162
   5.81551	   4.38582
   5.79616	   4.38984
   5.77679	   4.39368
   5.75738	   4.39735
   5.73794	   4.40084
   5.71848	   4.40416
   5.69898	   4.40730
   5.67946	   4.41027
   5.65991	   4.41306
   5.64033	   4.41568
   5.62073	   4.41812
   5.60109	   4.42039
   5.58144	   4.42248
   5.56175	   4.42440
   5.54205	   4.42615
   5.52231	   4.42772
   5.50256	   4.42912
   5.48278	   4.43035
   5.46298	   4.43140
   5.44316	   4.43228
   5.42332	   4.43299
   5.40345	   4.43352
   5.38358	   4.43388
   5.36369	   4.43408
   5.34378	   4.43409
   5.32387	   4.43394
   5.30395	   4.43362
   5.28402	   4.43313
   5.26409	   4.43246
   5.24415	   4.43163
   5.22422	   4.43062
   5.20428	   4.42945
   5.18435	   4.42810
   5.16443	   4.42659
   5.14451	   4.42491
   5.12460	   4.42306
   5.10470	   4.42104
   5.08481	   4.41885
   5.06494	   4.41650
   5.04508	   4.41398
   5.02525	   4.41129
   5.00543	   4.40843
   4.98564	   4.40541
   4.96587	   4.40222
   4.94613	   4.39886
   4.92641	   4.39534
   4.90673	   4.39166
   4.88708	   4.38781
   4.86746	   4.38381
   4.84787	   4.37964
   4.82833	   4.37531
   4.80882	   4.37082
   4.78935	   4.36618
   4.76993	   4.36138
   4.75055	   4.35643
   4.73121	   4.35133
   4.71193	   4.34607
   4.69269	   4.34066
   4.67350	   4.33510
   4.65437	   4.32940
   4.63529	   4.32354
   4.61627	   4.31754
   4.59731	   4.31140
   4.57841	   4.30511
   4.55957	   4.29868
   4.54079	   4.29211
   4.52208	   4.28539
   4.50343	   4.27854
   4.48486	   4.27155
   4.46636	   4.26442
   4.44792	   4.25716
   4.42956	   4.24976
   4.41126	   4.24222
   4.39304	   4.23455
   4.37488	   4.22674
   4.35679	   4.21880
   4.33877	   4.21072
   4.32082	   4.20251
   4.30293	   4.19416
   4.28510	   4.18567
   4.26735	   4.17705
   4.24966	   4.16830
   4.23203	   4.15942
   4.21446	   4.15040
   4.19696	   4.14124
   4.17953	   4.13195
   4.16215	   4.12253
   4.14484	   4.11298
   4.12759	   4.10329
   4.11040	   4.09347
   4.09327	   4.08352
   4.07620	   4.07343
   4.05919	   4.06322
   4.04224	   4.05287
   4.02535	   4.04239
   4.00852	   4.03178
   3.99175	   4.02104
   3.97504	   4.01018
   3.95840	   3.99918
   3.94183	   3.98807
   3.92532	   3.97683
   3.90889	   3.96547
   3.89252	   3.95398
   3.87623	   3.94238
   3.86002	   3.93067
   3.84388	   3.91883
   3.82782	   3.90689
   3.81185	   3.89483
   3.79595	   3.88265
   3.78014	   3.87037
   3.76442	   3.85798
   3.74878	   3.84548
   3.73323	   3.83288
   3.71777	   3.82017
   3.70240	   3.80736
   3.68713	   3.79444
   3.67195	   3.78143
   3.65687	   3.76832
   3.64189	   3.75511
   3.62701	   3.74181
   3.61223	   3.72841
   3.59755	   3.71491
   3.58296	   3.70133
   3.56847	   3.68766
   3.55408	   3.67390
   3.53978	   3.66005
   3.52557	   3.64612
   3.51145	   3.63210
   3.49742	   3.61800
   3.48349	   3.60382
   3.46964	   3.58956
   3.45587	   3.57522
   3.44220	   3.56081
   3.42860	   3.54632
   3.41509	   3.53176
   3.40167	   3.51713
   3.38832	   3.50243
   3.37505	   3.48765
   3.36186	   3.47282
   3.34875	   3.45791
   3.33572	   3.44294
   3.32276	   3.42791
   3.30987	   3.41282
   3.29706	   3.39767
   3.28432	   3.38246
   3.27165	   3.36719
   3.25905	   3.35187
   3.24652	   3.33648
   3.23407	   3.32104
   3.22169	   3.30554
   3.20937	   3.28998
   3.19713	   3.27437
   3.18497	   3.25869
   3.17287	   3.24296
   3.16084	   3.22717
   3.14889	   3.21132
   3.13701	   3.19541
   3.12520	   3.17945
   3.11346	   3.16342
   3.10179	   3.14734
   3.09019	   3.13120
   3.07867	   3.11501
   3.06721	   3.09875
   3.05583	   3.08244
   3.04452	   3.06607
   3.03329	   3.04964
   3.02212	   3.03315
   3.01102	   3.01660
   3.00000	   3.00000
